<?xml version="1.0" encoding="UTF-8"?>
<!-- Generated by org.testng.reporters.JUnitXMLReporter -->
<testsuite ignored="0" hostname="DESKTOP-610VIB2" failures="0" tests="3" name="Batch6Selenium" time="1.104" errors="0" timestamp="2023-07-31T19:33:49 CDT">
  <testcase classname="utility.BaseClass" name="@BeforeClass appInitialize" time="-1.690850028653E9">
    <failure type="org.testng.TestNGException" message="
Parameter &amp;apos;browser&amp;apos; is required by BeforeClass on method appInitialize but has not been marked @Optional or defined
in C:\Users\razia\AppData\Local\JetBrains\IdeaIC2023.1\temp-testng-customsuite.xml">
      <![CDATA[org.testng.TestNGException: 
Parameter 'browser' is required by BeforeClass on method appInitialize but has not been marked @Optional or defined
in C:\Users\razia\AppData\Local\JetBrains\IdeaIC2023.1\temp-testng-customsuite.xml
at java.base/java.util.ArrayList.forEach(ArrayList.java:1511)
at com.intellij.rt.testng.IDEARemoteTestNG.run(IDEARemoteTestNG.java:66)
at com.intellij.rt.testng.RemoteTestNGStarter.main(RemoteTestNGStarter.java:105)
... Removed 19 stack frames]]>
    </failure>
  </testcase> <!-- @BeforeClass appInitialize -->
  <testcase classname="utility.BaseClass" name="@AfterClass teardown" time="-1.690850029623E9">
    <skipped/>
  </testcase> <!-- @AfterClass teardown -->
  <testcase classname="testClasses.RegistrationUATest" name="enterFirstname" time="0.0">
    <skipped/>
  </testcase> <!-- enterFirstname -->
  <testcase classname="testClasses.RegistrationUATest" name="registration" time="0.0">
    <skipped/>
  </testcase> <!-- registration -->
  <testcase classname="testClasses.RegistrationUATest" name="submitButton" time="0.0">
    <skipped/>
  </testcase> <!-- submitButton -->
</testsuite> <!-- Batch6Selenium -->
